0 info it worked if it ends with ok
1 verbose cli [ '/Users/jonathonlee/.nvm/versions/node/v6.3.0/bin/node',
1 verbose cli   '/Users/jonathonlee/.nvm/versions/node/v6.3.0/bin/npm',
1 verbose cli   'start' ]
2 info using npm@3.10.3
3 info using node@v6.3.0
4 verbose run-script [ 'prestart', 'start', 'poststart' ]
5 info lifecycle test-kue@1.0.0~prestart: test-kue@1.0.0
6 silly lifecycle test-kue@1.0.0~prestart: no script for prestart, continuing
7 info lifecycle test-kue@1.0.0~start: test-kue@1.0.0
8 verbose lifecycle test-kue@1.0.0~start: unsafe-perm in lifecycle true
9 verbose lifecycle test-kue@1.0.0~start: PATH: /Users/jonathonlee/.nvm/versions/node/v6.3.0/lib/node_modules/npm/bin/node-gyp-bin:/Users/jonathonlee/repos/test-kue/node_modules/.bin:/Users/jonathonlee/.nvm/versions/node/v6.3.0/bin:/Users/jonathonlee/.nvm/versions/node/v6.3.0/bin:/Users/jonathonlee/dev/google-cloud-sdk/bin:/usr/local/bin:/usr/bin:/bin:/usr/sbin:/sbin:/Users/jonathonlee/golang/bin
10 verbose lifecycle test-kue@1.0.0~start: CWD: /Users/jonathonlee/repos/test-kue
11 silly lifecycle test-kue@1.0.0~start: Args: [ '-c', 'export REDIS=redis://192.168.99.100:6379 node app.js' ]
12 silly lifecycle test-kue@1.0.0~start: Returned: code: 1  signal: null
13 info lifecycle test-kue@1.0.0~start: Failed to exec start script
14 verbose stack Error: test-kue@1.0.0 start: `export REDIS=redis://192.168.99.100:6379 node app.js`
14 verbose stack Exit status 1
14 verbose stack     at EventEmitter.<anonymous> (/Users/jonathonlee/.nvm/versions/node/v6.3.0/lib/node_modules/npm/lib/utils/lifecycle.js:242:16)
14 verbose stack     at emitTwo (events.js:106:13)
14 verbose stack     at EventEmitter.emit (events.js:191:7)
14 verbose stack     at ChildProcess.<anonymous> (/Users/jonathonlee/.nvm/versions/node/v6.3.0/lib/node_modules/npm/lib/utils/spawn.js:40:14)
14 verbose stack     at emitTwo (events.js:106:13)
14 verbose stack     at ChildProcess.emit (events.js:191:7)
14 verbose stack     at maybeClose (internal/child_process.js:852:16)
14 verbose stack     at Process.ChildProcess._handle.onexit (internal/child_process.js:215:5)
15 verbose pkgid test-kue@1.0.0
16 verbose cwd /Users/jonathonlee/repos/test-kue
17 error Darwin 16.1.0
18 error argv "/Users/jonathonlee/.nvm/versions/node/v6.3.0/bin/node" "/Users/jonathonlee/.nvm/versions/node/v6.3.0/bin/npm" "start"
19 error node v6.3.0
20 error npm  v3.10.3
21 error code ELIFECYCLE
22 error test-kue@1.0.0 start: `export REDIS=redis://192.168.99.100:6379 node app.js`
22 error Exit status 1
23 error Failed at the test-kue@1.0.0 start script 'export REDIS=redis://192.168.99.100:6379 node app.js'.
23 error Make sure you have the latest version of node.js and npm installed.
23 error If you do, this is most likely a problem with the test-kue package,
23 error not with npm itself.
23 error Tell the author that this fails on your system:
23 error     export REDIS=redis://192.168.99.100:6379 node app.js
23 error You can get information on how to open an issue for this project with:
23 error     npm bugs test-kue
23 error Or if that isn't available, you can get their info via:
23 error     npm owner ls test-kue
23 error There is likely additional logging output above.
24 verbose exit [ 1, true ]
